// 重构日志: d670868c
// 重构日志: cadf961b
// 重构日志: f3cd3c7c
// 重构日志: b3aa752b
// 重构日志: f3a9917f
// 同步 ID: 76fc987d @ Wed Jul  8 18:09:39 UTC 2026
// 重构日志: d4cd0c68
// 重构日志: 800e7b52
// 重构日志: 17cd2b37
// 同步 ID: 92ce9b0b @ Sat Jul 11 07:46:56 UTC 2026
// 同步 ID: 1d0f79d4 @ Sat Jul 11 09:58:00 UTC 2026
// 重构日志: d9c29325
// 同步 ID: 95fa5367 @ Sat Jul 11 17:18:34 UTC 2026
// 重构日志: c969a69e
// 同步 ID: 6a7d149e @ Sat Jul 11 22:33:47 UTC 2026
// 重构日志: 3a21314f
// 同步 ID: 4d7029f5 @ Sun Jul 12 12:52:25 UTC 2026
// 同步 ID: 55079ac6 @ Sun Jul 12 17:14:21 UTC 2026
// 重构日志: 12b863f9
// 重构日志: c41a7d06
// 重构日志: 38860cf0
// 同步 ID: 663fc387 @ Tue Jul 14 10:12:13 UTC 2026
// 重构日志: 0775d919
// 重构日志: cb3ee19f
// 重构日志: 4d8904fc
// 同步 ID: 3b62a195 @ Tue Jul 14 20:10:24 UTC 2026
// 重构日志: b968f48e
// 重构日志: 7bf8f78a
// 同步 ID: 91cd84c2 @ Wed Jul 15 09:57:28 UTC 2026
// 同步 ID: 36fa3f9d @ Wed Jul 15 11:43:49 UTC 2026
